<?xml version="1.0" encoding="UTF-8"?>
<!-- Generated by org.testng.reporters.JUnitXMLReporter -->
<testsuite ignored="0" hostname="Itctesting19" failures="0" tests="8" name="Test" time="106.233" errors="0" timestamp="2022-07-09T21:07:56 GMT+05:30">
  <testcase classname="dpproject.Login" name="test" time="4.289"/>
  <testcase classname="dpproject.Login" name="test" time="4.251"/>
  <testcase classname="dpproject.Regis" name="test" time="8.738"/>
  <testcase classname="dpproject.Regis" name="test" time="8.709"/>
  <testcase classname="dpproject.Bookng" name="test" time="13.107"/>
  <testcase classname="dpproject.Bookng" name="test" time="13.061"/>
  <testcase classname="dpproject.Contact" name="test" time="6.437"/>
  <testcase classname="dpproject.Contact" name="test" time="6.069"/>
</testsuite> <!-- Test -->
