<?xml version="1.0" encoding="UTF-8"?>
<testng-results ignored="0" total="8" passed="8" failed="0" skipped="0">
  <reporter-output>
  </reporter-output>
  <suite started-at="2022-07-09T21:06:10 GMT+05:30" name="Suite" finished-at="2022-07-09T21:07:56 GMT+05:30" duration-ms="106233">
    <groups>
    </groups>
    <test started-at="2022-07-09T21:06:10 GMT+05:30" name="Test" finished-at="2022-07-09T21:07:56 GMT+05:30" duration-ms="106233">
      <class name="dpproject.Bookng">
        <test-method is-config="true" signature="setup()[pri:0, instance:dpproject.Bookng@2ab4bc72]" started-at="2022-07-09T21:06:57 GMT+05:30" name="setup" finished-at="2022-07-09T21:07:01 GMT+05:30" duration-ms="3480" status="PASS">
          <reporter-output>
          </reporter-output>
        </test-method> <!-- setup -->
        <test-method signature="test(java.lang.String,java.lang.String,java.lang.String,java.lang.String,java.lang.String,java.lang.String,java.lang.String,java.lang.String)[pri:0, instance:dpproject.Bookng@2ab4bc72]" started-at="2022-07-09T21:07:01 GMT+05:30" name="test" data-provider="getTestData" finished-at="2022-07-09T21:07:14 GMT+05:30" duration-ms="13107" status="PASS">
          <params>
            <param index="0">
              <value>
                <![CDATA[Anitha]]>
              </value>
            </param>
            <param index="1">
              <value>
                <![CDATA[Poluru]]>
              </value>
            </param>
            <param index="2">
              <value>
                <![CDATA[Srikakulam,AP]]>
              </value>
            </param>
            <param index="3">
              <value>
                <![CDATA[anitha@gmail.com]]>
              </value>
            </param>
            <param index="4">
              <value>
                <![CDATA[9876543210]]>
              </value>
            </param>
            <param index="5">
              <value>
                <![CDATA[17082001]]>
              </value>
            </param>
            <param index="6">
              <value>
                <![CDATA[100000000]]>
              </value>
            </param>
            <param index="7">
              <value>
                <![CDATA[500000000]]>
              </value>
            </param>
          </params>
          <reporter-output>
          </reporter-output>
        </test-method> <!-- test -->
        <test-method is-config="true" signature="booki()[pri:0, instance:dpproject.Bookng@2ab4bc72]" started-at="2022-07-09T21:07:14 GMT+05:30" name="booki" finished-at="2022-07-09T21:07:15 GMT+05:30" duration-ms="821" status="PASS">
          <reporter-output>
          </reporter-output>
        </test-method> <!-- booki -->
        <test-method is-config="true" signature="setup()[pri:0, instance:dpproject.Bookng@2ab4bc72]" started-at="2022-07-09T21:07:15 GMT+05:30" name="setup" finished-at="2022-07-09T21:07:18 GMT+05:30" duration-ms="3503" status="PASS">
          <reporter-output>
          </reporter-output>
        </test-method> <!-- setup -->
        <test-method signature="test(java.lang.String,java.lang.String,java.lang.String,java.lang.String,java.lang.String,java.lang.String,java.lang.String,java.lang.String)[pri:0, instance:dpproject.Bookng@2ab4bc72]" started-at="2022-07-09T21:07:18 GMT+05:30" name="test" data-provider="getTestData" finished-at="2022-07-09T21:07:31 GMT+05:30" duration-ms="13061" status="PASS">
          <params>
            <param index="0">
              <value>
                <![CDATA[Aparna]]>
              </value>
            </param>
            <param index="1">
              <value>
                <![CDATA[Chowdary]]>
              </value>
            </param>
            <param index="2">
              <value>
                <![CDATA[Gunupur,OD]]>
              </value>
            </param>
            <param index="3">
              <value>
                <![CDATA[apu@gmail.com]]>
              </value>
            </param>
            <param index="4">
              <value>
                <![CDATA[9875432156]]>
              </value>
            </param>
            <param index="5">
              <value>
                <![CDATA[13092001]]>
              </value>
            </param>
            <param index="6">
              <value>
                <![CDATA[200000000]]>
              </value>
            </param>
            <param index="7">
              <value>
                <![CDATA[800000000]]>
              </value>
            </param>
          </params>
          <reporter-output>
          </reporter-output>
        </test-method> <!-- test -->
        <test-method is-config="true" signature="booki()[pri:0, instance:dpproject.Bookng@2ab4bc72]" started-at="2022-07-09T21:07:31 GMT+05:30" name="booki" finished-at="2022-07-09T21:07:32 GMT+05:30" duration-ms="762" status="PASS">
          <reporter-output>
          </reporter-output>
        </test-method> <!-- booki -->
      </class> <!-- dpproject.Bookng -->
      <class name="dpproject.Contact">
        <test-method is-config="true" signature="setup()[pri:0, instance:dpproject.Contact@4e5ed836]" started-at="2022-07-09T21:07:32 GMT+05:30" name="setup" finished-at="2022-07-09T21:07:37 GMT+05:30" duration-ms="4799" status="PASS">
          <reporter-output>
          </reporter-output>
        </test-method> <!-- setup -->
        <test-method signature="test(java.lang.String,java.lang.String,java.lang.String,java.lang.String,java.lang.String)[pri:0, instance:dpproject.Contact@4e5ed836]" started-at="2022-07-09T21:07:37 GMT+05:30" name="test" data-provider="getTestData" finished-at="2022-07-09T21:07:44 GMT+05:30" duration-ms="6437" status="PASS">
          <params>
            <param index="0">
              <value>
                <![CDATA[Anitha]]>
              </value>
            </param>
            <param index="1">
              <value>
                <![CDATA[Poluru]]>
              </value>
            </param>
            <param index="2">
              <value>
                <![CDATA[anitha@gmail.com]]>
              </value>
            </param>
            <param index="3">
              <value>
                <![CDATA[9876543210]]>
              </value>
            </param>
            <param index="4">
              <value>
                <![CDATA[Welcome to Bike gallery]]>
              </value>
            </param>
          </params>
          <reporter-output>
          </reporter-output>
        </test-method> <!-- test -->
        <test-method is-config="true" signature="contaus()[pri:0, instance:dpproject.Contact@4e5ed836]" started-at="2022-07-09T21:07:44 GMT+05:30" name="contaus" finished-at="2022-07-09T21:07:44 GMT+05:30" duration-ms="746" status="PASS">
          <reporter-output>
          </reporter-output>
        </test-method> <!-- contaus -->
        <test-method is-config="true" signature="setup()[pri:0, instance:dpproject.Contact@4e5ed836]" started-at="2022-07-09T21:07:44 GMT+05:30" name="setup" finished-at="2022-07-09T21:07:49 GMT+05:30" duration-ms="4745" status="PASS">
          <reporter-output>
          </reporter-output>
        </test-method> <!-- setup -->
        <test-method signature="test(java.lang.String,java.lang.String,java.lang.String,java.lang.String,java.lang.String)[pri:0, instance:dpproject.Contact@4e5ed836]" started-at="2022-07-09T21:07:49 GMT+05:30" name="test" data-provider="getTestData" finished-at="2022-07-09T21:07:55 GMT+05:30" duration-ms="6069" status="PASS">
          <params>
            <param index="0">
              <value>
                <![CDATA[Aparna]]>
              </value>
            </param>
            <param index="1">
              <value>
                <![CDATA[Chowdary]]>
              </value>
            </param>
            <param index="2">
              <value>
                <![CDATA[aparna@gmail.com]]>
              </value>
            </param>
            <param index="3">
              <value>
                <![CDATA[9827637210]]>
              </value>
            </param>
            <param index="4">
              <value>
                <![CDATA[Thanks for visiting]]>
              </value>
            </param>
          </params>
          <reporter-output>
          </reporter-output>
        </test-method> <!-- test -->
        <test-method is-config="true" signature="contaus()[pri:0, instance:dpproject.Contact@4e5ed836]" started-at="2022-07-09T21:07:55 GMT+05:30" name="contaus" finished-at="2022-07-09T21:07:56 GMT+05:30" duration-ms="779" status="PASS">
          <reporter-output>
          </reporter-output>
        </test-method> <!-- contaus -->
      </class> <!-- dpproject.Contact -->
      <class name="dpproject.Regis">
        <test-method is-config="true" signature="setup()[pri:0, instance:dpproject.Regis@3de8f619]" started-at="2022-07-09T21:06:31 GMT+05:30" name="setup" finished-at="2022-07-09T21:06:35 GMT+05:30" duration-ms="3895" status="PASS">
          <reporter-output>
          </reporter-output>
        </test-method> <!-- setup -->
        <test-method signature="test(java.lang.String,java.lang.String,java.lang.String,java.lang.String,java.lang.String,java.lang.String)[pri:0, instance:dpproject.Regis@3de8f619]" started-at="2022-07-09T21:06:35 GMT+05:30" name="test" data-provider="getTestData" finished-at="2022-07-09T21:06:44 GMT+05:30" duration-ms="8738" status="PASS">
          <params>
            <param index="0">
              <value>
                <![CDATA[Poluru Anitha]]>
              </value>
            </param>
            <param index="1">
              <value>
                <![CDATA[Anitha]]>
              </value>
            </param>
            <param index="2">
              <value>
                <![CDATA[anitha@gmail.com]]>
              </value>
            </param>
            <param index="3">
              <value>
                <![CDATA[9876543210]]>
              </value>
            </param>
            <param index="4">
              <value>
                <![CDATA[Ani@1234]]>
              </value>
            </param>
            <param index="5">
              <value>
                <![CDATA[Ani@1234]]>
              </value>
            </param>
          </params>
          <reporter-output>
          </reporter-output>
        </test-method> <!-- test -->
        <test-method is-config="true" signature="regist()[pri:0, instance:dpproject.Regis@3de8f619]" started-at="2022-07-09T21:06:44 GMT+05:30" name="regist" finished-at="2022-07-09T21:06:44 GMT+05:30" duration-ms="717" status="PASS">
          <reporter-output>
          </reporter-output>
        </test-method> <!-- regist -->
        <test-method is-config="true" signature="setup()[pri:0, instance:dpproject.Regis@3de8f619]" started-at="2022-07-09T21:06:44 GMT+05:30" name="setup" finished-at="2022-07-09T21:06:48 GMT+05:30" duration-ms="3576" status="PASS">
          <reporter-output>
          </reporter-output>
        </test-method> <!-- setup -->
        <test-method signature="test(java.lang.String,java.lang.String,java.lang.String,java.lang.String,java.lang.String,java.lang.String)[pri:0, instance:dpproject.Regis@3de8f619]" started-at="2022-07-09T21:06:48 GMT+05:30" name="test" data-provider="getTestData" finished-at="2022-07-09T21:06:57 GMT+05:30" duration-ms="8709" status="PASS">
          <params>
            <param index="0">
              <value>
                <![CDATA[Aparna Chowdary]]>
              </value>
            </param>
            <param index="1">
              <value>
                <![CDATA[Aparna]]>
              </value>
            </param>
            <param index="2">
              <value>
                <![CDATA[aparna@gmail.com]]>
              </value>
            </param>
            <param index="3">
              <value>
                <![CDATA[9231456789]]>
              </value>
            </param>
            <param index="4">
              <value>
                <![CDATA[Apu@1234]]>
              </value>
            </param>
            <param index="5">
              <value>
                <![CDATA[Apu@1234]]>
              </value>
            </param>
          </params>
          <reporter-output>
          </reporter-output>
        </test-method> <!-- test -->
        <test-method is-config="true" signature="regist()[pri:0, instance:dpproject.Regis@3de8f619]" started-at="2022-07-09T21:06:57 GMT+05:30" name="regist" finished-at="2022-07-09T21:06:57 GMT+05:30" duration-ms="740" status="PASS">
          <reporter-output>
          </reporter-output>
        </test-method> <!-- regist -->
      </class> <!-- dpproject.Regis -->
      <class name="dpproject.Login">
        <test-method is-config="true" signature="setup()[pri:0, instance:dpproject.Login@1750fbeb]" started-at="2022-07-09T21:06:11 GMT+05:30" name="setup" finished-at="2022-07-09T21:06:16 GMT+05:30" duration-ms="5013" status="PASS">
          <reporter-output>
          </reporter-output>
        </test-method> <!-- setup -->
        <test-method signature="test(java.lang.String,java.lang.String)[pri:0, instance:dpproject.Login@1750fbeb]" started-at="2022-07-09T21:06:16 GMT+05:30" name="test" data-provider="getTestData" finished-at="2022-07-09T21:06:20 GMT+05:30" duration-ms="4289" status="PASS">
          <params>
            <param index="0">
              <value>
                <![CDATA[Anitha]]>
              </value>
            </param>
            <param index="1">
              <value>
                <![CDATA[Ani@1234]]>
              </value>
            </param>
          </params>
          <reporter-output>
          </reporter-output>
        </test-method> <!-- test -->
        <test-method is-config="true" signature="login()[pri:0, instance:dpproject.Login@1750fbeb]" started-at="2022-07-09T21:06:20 GMT+05:30" name="login" finished-at="2022-07-09T21:06:21 GMT+05:30" duration-ms="1428" status="PASS">
          <reporter-output>
          </reporter-output>
        </test-method> <!-- login -->
        <test-method is-config="true" signature="setup()[pri:0, instance:dpproject.Login@1750fbeb]" started-at="2022-07-09T21:06:21 GMT+05:30" name="setup" finished-at="2022-07-09T21:06:25 GMT+05:30" duration-ms="3825" status="PASS">
          <reporter-output>
          </reporter-output>
        </test-method> <!-- setup -->
        <test-method signature="test(java.lang.String,java.lang.String)[pri:0, instance:dpproject.Login@1750fbeb]" started-at="2022-07-09T21:06:25 GMT+05:30" name="test" data-provider="getTestData" finished-at="2022-07-09T21:06:29 GMT+05:30" duration-ms="4251" status="PASS">
          <params>
            <param index="0">
              <value>
                <![CDATA[Aparna]]>
              </value>
            </param>
            <param index="1">
              <value>
                <![CDATA[Apu@1234]]>
              </value>
            </param>
          </params>
          <reporter-output>
          </reporter-output>
        </test-method> <!-- test -->
        <test-method is-config="true" signature="login()[pri:0, instance:dpproject.Login@1750fbeb]" started-at="2022-07-09T21:06:29 GMT+05:30" name="login" finished-at="2022-07-09T21:06:31 GMT+05:30" duration-ms="1265" status="PASS">
          <reporter-output>
          </reporter-output>
        </test-method> <!-- login -->
      </class> <!-- dpproject.Login -->
    </test> <!-- Test -->
  </suite> <!-- Suite -->
</testng-results>
